KVLite: exception in start: java.rmi.server.ExportException: Port already in use: 5000; nested exception is: 
	java.net.BindException: No free local address to bind for host 0.0.0.0 and port range 5000-5000: Address already in use
	at sun.rmi.transport.tcp.TCPTransport.listen(TCPTransport.java:346)
	at sun.rmi.transport.tcp.TCPTransport.exportObject(TCPTransport.java:254)
	at sun.rmi.transport.tcp.TCPEndpoint.exportObject(TCPEndpoint.java:412)
	at sun.rmi.transport.LiveRef.exportObject(LiveRef.java:147)
	at sun.rmi.server.UnicastServerRef.exportObject(UnicastServerRef.java:237)
	at sun.rmi.registry.RegistryImpl.setup(RegistryImpl.java:213)
	at sun.rmi.registry.RegistryImpl.<init>(RegistryImpl.java:173)
	at sun.rmi.registry.RegistryImpl.<init>(RegistryImpl.java:144)
	at java.rmi.registry.LocateRegistry.createRegistry(LocateRegistry.java:239)
	at oracle.kv.impl.util.registry.RegistryUtils.createRegistry(RegistryUtils.java:1816)
	at oracle.kv.impl.sna.StorageNodeAgent.createRegistry(StorageNodeAgent.java:1637)
	at oracle.kv.impl.sna.StorageNodeAgent.startupRegistered(StorageNodeAgent.java:1187)
	at oracle.kv.impl.sna.StorageNodeAgent.start(StorageNodeAgent.java:839)
	at oracle.kv.impl.sna.StorageNodeAgentImpl.start(StorageNodeAgentImpl.java:137)
	at oracle.kv.util.kvlite.KVLite.startSNA(KVLite.java:913)
	at oracle.kv.util.kvlite.KVLite.initStorageNodes(KVLite.java:785)
	at oracle.kv.util.kvlite.KVLite.startThrowsException(KVLite.java:976)
	at oracle.kv.util.kvlite.KVLite.start(KVLite.java:962)
	at oracle.kv.util.kvlite.KVLite.start(KVLite.java:940)
	at oracle.kv.util.kvlite.KVLite.main(KVLite.java:1173)
	at oracle.kv.impl.util.KVStoreMain$1.run(KVStoreMain.java:214)
	at oracle.kv.impl.util.KVStoreMain.main(KVStoreMain.java:566)
Caused by: java.net.BindException: No free local address to bind for host 0.0.0.0 and port range 5000-5000: Address already in use
	at oracle.kv.impl.async.dialog.nio.NioUtil.listen(NioUtil.java:236)
	at oracle.kv.impl.async.dialog.nio.NioEndpointGroup$NioListener.createChannelInternal(NioEndpointGroup.java:251)
	at oracle.kv.impl.async.AbstractListener.createChannel(AbstractListener.java:213)
	at oracle.kv.impl.async.AbstractListener.newListenHandle(AbstractListener.java:141)
	at oracle.kv.impl.async.AbstractEndpointGroup.listen(AbstractEndpointGroup.java:311)
	at oracle.kv.impl.util.registry.ServerSocketFactory$AsyncServerSocket.<init>(ServerSocketFactory.java:491)
	at oracle.kv.impl.util.registry.ClearServerSocketFactory$ClearAsyncServerSocket.<init>(ClearServerSocketFactory.java:137)
	at oracle.kv.impl.util.registry.ClearServerSocketFactory.createAsyncServerSocket(ClearServerSocketFactory.java:131)
	at oracle.kv.impl.util.registry.ServerSocketFactory.createServerSocket(ServerSocketFactory.java:138)
	at sun.rmi.transport.tcp.TCPEndpoint.newServerSocket(TCPEndpoint.java:670)
	at sun.rmi.transport.tcp.TCPTransport.listen(TCPTransport.java:335)
	... 21 more
Caused by: java.net.BindException: Address already in use
	at sun.nio.ch.Net.bind0(Native Method)
	at sun.nio.ch.Net.bind(Net.java:461)
	at sun.nio.ch.Net.bind(Net.java:453)
	at sun.nio.ch.ServerSocketChannelImpl.bind(ServerSocketChannelImpl.java:222)
	at oracle.kv.impl.async.NetworkAddress.bind(NetworkAddress.java:245)
	at oracle.kv.impl.async.dialog.nio.NioUtil.listen(NioUtil.java:213)
	... 31 more

